{
  "jsonPath": "/Users/huhulitong/Documents/GitHub/Mira-Light/runtime/offline-rehearsal/2026-04-09T07-24-12-quick/scene-traces/farewell.trace.json",
  "htmlPath": "/Users/huhulitong/Documents/GitHub/Mira-Light/runtime/offline-rehearsal/2026-04-09T07-24-12-quick/scene-traces/farewell.trace.html",
  "report": {
    "scene": {
      "name": "farewell",
      "title": "挥手送别",
      "hostLine": "当你离开时，它会目送你，还会轻轻摆摆头像在说再见。",
      "emotionTags": [
        "送别",
        "不舍"
      ],
      "operatorCue": "结束时用它来收尾，再接 sleep。",
      "readiness": "ready",
      "notes": [
        "TODO: 离场方向识别接入后，把 farewell_look 改成按离场方位实时生成。",
        "当前版本按 PDF2 为主、参考 PDF3 的手绘页，做成：目送 -> 两次慢慢点头式挥手 -> 舍不得地低头。"
      ],
      "tuningNotes": [
        "先看过去，再挥手，再低头，这三个阶段不要压成一团。",
        "挥手动作宁可慢一点，也不要做成机械抽搐。"
      ]
    },
    "summary": {
      "durationMs": 51.8,
      "stepCount": 24,
      "requestCount": 12,
      "dryRun": false,
      "skipDelays": true,
      "baseUrl": "http://127.0.0.1:9799"
    },
    "timeline": [
      {
        "tMs": 0.0,
        "kind": "scene-start",
        "scene": "farewell",
        "title": "挥手送别"
      },
      {
        "tMs": 0.05,
        "kind": "log",
        "text": "=== Scene: farewell / 挥手送别 ==="
      },
      {
        "tMs": 0.05,
        "kind": "log",
        "text": "[host] 当你离开时，它会目送你，还会轻轻摆摆头像在说再见。"
      },
      {
        "tMs": 0.05,
        "kind": "log",
        "text": "[note] TODO: 离场方向识别接入后，把 farewell_look 改成按离场方位实时生成。"
      },
      {
        "tMs": 0.05,
        "kind": "log",
        "text": "[note] 当前版本按 PDF2 为主、参考 PDF3 的手绘页，做成：目送 -> 两次慢慢点头式挥手 -> 舍不得地低头。"
      },
      {
        "tMs": 0.05,
        "kind": "log",
        "text": "[tuning] 先看过去，再挥手，再低头，这三个阶段不要压成一团。"
      },
      {
        "tMs": 0.05,
        "kind": "log",
        "text": "[tuning] 挥手动作宁可慢一点，也不要做成机械抽搐。"
      },
      {
        "tMs": 0.06,
        "kind": "step",
        "sceneName": "farewell",
        "sceneTitle": "挥手送别",
        "stepIndex": 1,
        "stepTotal": 24,
        "stepType": "pose",
        "stepLabel": "pose:neutral"
      },
      {
        "tMs": 0.07,
        "kind": "log",
        "text": "[pose] neutral -> {\"mode\": \"absolute\", \"servo1\": 90, \"servo2\": 96, \"servo3\": 98, \"servo4\": 90}"
      },
      {
        "tMs": 24.56,
        "kind": "request",
        "method": "POST",
        "path": "/control",
        "payload": {
          "mode": "absolute",
          "servo1": 90,
          "servo2": 96,
          "servo3": 98,
          "servo4": 90
        },
        "durationMs": 24.48,
        "outcome": "ok",
        "response": {
          "ok": true,
          "mode": "absolute",
          "applied": {
            "mode": "absolute",
            "servo1": 90,
            "servo2": 96,
            "servo3": 98,
            "servo4": 90
          },
          "servos": {
            "servo1": 90,
            "servo2": 96,
            "servo3": 98,
            "servo4": 90
          },
          "changed": {
            "servo1": 90,
            "servo2": 96,
            "servo3": 98,
            "servo4": 90
          }
        }
      },
      {
        "tMs": 24.58,
        "kind": "step",
        "sceneName": "farewell",
        "sceneTitle": "挥手送别",
        "stepIndex": 2,
        "stepTotal": 24,
        "stepType": "led",
        "stepLabel": "led:solid"
      },
      {
        "tMs": 24.59,
        "kind": "log",
        "text": "[led] {\"mode\": \"solid\", \"brightness\": 108, \"color\": {\"r\": 255, \"g\": 214, \"b\": 176}}"
      },
      {
        "tMs": 30.04,
        "kind": "request",
        "method": "POST",
        "path": "/led",
        "payload": {
          "mode": "solid",
          "brightness": 108,
          "color": {
            "r": 255,
            "g": 214,
            "b": 176
          }
        },
        "durationMs": 5.44,
        "outcome": "ok",
        "response": {
          "ok": true,
          "applied": {
            "mode": "solid",
            "brightness": 108,
            "color": {
              "r": 255,
              "g": 214,
              "b": 176
            }
          },
          "led": {
            "mode": "solid",
            "brightness": 108,
            "color": {
              "r": 255,
              "g": 214,
              "b": 176
            }
          }
        }
      },
      {
        "tMs": 30.05,
        "kind": "step",
        "sceneName": "farewell",
        "sceneTitle": "挥手送别",
        "stepIndex": 3,
        "stepTotal": 24,
        "stepType": "comment",
        "stepLabel": "先目送评委离开的方向。"
      },
      {
        "tMs": 30.05,
        "kind": "log",
        "text": "[comment] 先目送评委离开的方向。"
      },
      {
        "tMs": 30.06,
        "kind": "step",
        "sceneName": "farewell",
        "sceneTitle": "挥手送别",
        "stepIndex": 4,
        "stepTotal": 24,
        "stepType": "control",
        "stepLabel": "control:servo1,servo2,servo3,servo4"
      },
      {
        "tMs": 30.07,
        "kind": "log",
        "text": "[control] {\"mode\": \"absolute\", \"servo1\": 106, \"servo2\": 96, \"servo3\": 100, \"servo4\": 92}"
      },
      {
        "tMs": 31.31,
        "kind": "request",
        "method": "POST",
        "path": "/control",
        "payload": {
          "mode": "absolute",
          "servo1": 106,
          "servo2": 96,
          "servo3": 100,
          "servo4": 92
        },
        "durationMs": 1.23,
        "outcome": "ok",
        "response": {
          "ok": true,
          "mode": "absolute",
          "applied": {
            "mode": "absolute",
            "servo1": 106,
            "servo2": 96,
            "servo3": 100,
            "servo4": 92
          },
          "servos": {
            "servo1": 106,
            "servo2": 96,
            "servo3": 100,
            "servo4": 92
          },
          "changed": {
            "servo1": 106,
            "servo2": 96,
            "servo3": 100,
            "servo4": 92
          }
        }
      },
      {
        "tMs": 31.32,
        "kind": "step",
        "sceneName": "farewell",
        "sceneTitle": "挥手送别",
        "stepIndex": 5,
        "stepTotal": 24,
        "stepType": "delay",
        "stepLabel": "delay:420ms"
      },
      {
        "tMs": 31.33,
        "kind": "log",
        "text": "[delay] 420ms"
      },
      {
        "tMs": 31.34,
        "kind": "log",
        "text": "[trace-skip-delay] 420ms"
      },
      {
        "tMs": 31.34,
        "kind": "step",
        "sceneName": "farewell",
        "sceneTitle": "挥手送别",
        "stepIndex": 6,
        "stepTotal": 24,
        "stepType": "audio",
        "stepLabel": "audio"
      },
      {
        "tMs": 31.36,
        "kind": "log",
        "text": "[skip-audio] payload={\"type\": \"audio\", \"voice\": \"tts\", \"allowMissing\": true, \"text\": \"谢谢你来看我，下次见。\", \"wait\": true}"
      },
      {
        "tMs": 31.37,
        "kind": "step",
        "sceneName": "farewell",
        "sceneTitle": "挥手送别",
        "stepIndex": 7,
        "stepTotal": 24,
        "stepType": "comment",
        "stepLabel": "再做两次慢慢点头，像挥手说再见。"
      },
      {
        "tMs": 31.37,
        "kind": "log",
        "text": "[comment] 再做两次慢慢点头，像挥手说再见。"
      },
      {
        "tMs": 31.38,
        "kind": "step",
        "sceneName": "farewell",
        "sceneTitle": "挥手送别",
        "stepIndex": 8,
        "stepTotal": 24,
        "stepType": "control",
        "stepLabel": "control:servo4"
      },
      {
        "tMs": 31.52,
        "kind": "log",
        "text": "[control] {\"mode\": \"relative\", \"servo4\": 5}"
      },
      {
        "tMs": 33.87,
        "kind": "request",
        "method": "POST",
        "path": "/control",
        "payload": {
          "mode": "relative",
          "servo4": 5
        },
        "durationMs": 2.33,
        "outcome": "ok",
        "response": {
          "ok": true,
          "mode": "relative",
          "applied": {
            "mode": "relative",
            "servo4": 5
          },
          "servos": {
            "servo1": 106,
            "servo2": 96,
            "servo3": 100,
            "servo4": 97
          },
          "changed": {
            "servo4": 97
          }
        }
      },
      {
        "tMs": 33.87,
        "kind": "step",
        "sceneName": "farewell",
        "sceneTitle": "挥手送别",
        "stepIndex": 9,
        "stepTotal": 24,
        "stepType": "delay",
        "stepLabel": "delay:180ms"
      },
      {
        "tMs": 33.88,
        "kind": "log",
        "text": "[delay] 180ms"
      },
      {
        "tMs": 33.88,
        "kind": "log",
        "text": "[trace-skip-delay] 180ms"
      },
      {
        "tMs": 33.88,
        "kind": "step",
        "sceneName": "farewell",
        "sceneTitle": "挥手送别",
        "stepIndex": 10,
        "stepTotal": 24,
        "stepType": "control",
        "stepLabel": "control:servo4"
      },
      {
        "tMs": 33.9,
        "kind": "log",
        "text": "[control] {\"mode\": \"relative\", \"servo4\": -10}"
      },
      {
        "tMs": 40.87,
        "kind": "request",
        "method": "POST",
        "path": "/control",
        "payload": {
          "mode": "relative",
          "servo4": -10
        },
        "durationMs": 6.97,
        "outcome": "ok",
        "response": {
          "ok": true,
          "mode": "relative",
          "applied": {
            "mode": "relative",
            "servo4": -10
          },
          "servos": {
            "servo1": 106,
            "servo2": 96,
            "servo3": 100,
            "servo4": 87
          },
          "changed": {
            "servo4": 87
          }
        }
      },
      {
        "tMs": 40.88,
        "kind": "step",
        "sceneName": "farewell",
        "sceneTitle": "挥手送别",
        "stepIndex": 11,
        "stepTotal": 24,
        "stepType": "delay",
        "stepLabel": "delay:180ms"
      },
      {
        "tMs": 40.88,
        "kind": "log",
        "text": "[delay] 180ms"
      },
      {
        "tMs": 40.88,
        "kind": "log",
        "text": "[trace-skip-delay] 180ms"
      },
      {
        "tMs": 40.88,
        "kind": "step",
        "sceneName": "farewell",
        "sceneTitle": "挥手送别",
        "stepIndex": 12,
        "stepTotal": 24,
        "stepType": "control",
        "stepLabel": "control:servo4"
      },
      {
        "tMs": 40.89,
        "kind": "log",
        "text": "[control] {\"mode\": \"relative\", \"servo4\": 5}"
      },
      {
        "tMs": 42.59,
        "kind": "request",
        "method": "POST",
        "path": "/control",
        "payload": {
          "mode": "relative",
          "servo4": 5
        },
        "durationMs": 1.69,
        "outcome": "ok",
        "response": {
          "ok": true,
          "mode": "relative",
          "applied": {
            "mode": "relative",
            "servo4": 5
          },
          "servos": {
            "servo1": 106,
            "servo2": 96,
            "servo3": 100,
            "servo4": 92
          },
          "changed": {
            "servo4": 92
          }
        }
      },
      {
        "tMs": 42.64,
        "kind": "step",
        "sceneName": "farewell",
        "sceneTitle": "挥手送别",
        "stepIndex": 13,
        "stepTotal": 24,
        "stepType": "delay",
        "stepLabel": "delay:220ms"
      },
      {
        "tMs": 42.64,
        "kind": "log",
        "text": "[delay] 220ms"
      },
      {
        "tMs": 42.64,
        "kind": "log",
        "text": "[trace-skip-delay] 220ms"
      },
      {
        "tMs": 42.65,
        "kind": "step",
        "sceneName": "farewell",
        "sceneTitle": "挥手送别",
        "stepIndex": 14,
        "stepTotal": 24,
        "stepType": "control",
        "stepLabel": "control:servo4"
      },
      {
        "tMs": 42.66,
        "kind": "log",
        "text": "[control] {\"mode\": \"relative\", \"servo4\": 5}"
      },
      {
        "tMs": 44.37,
        "kind": "request",
        "method": "POST",
        "path": "/control",
        "payload": {
          "mode": "relative",
          "servo4": 5
        },
        "durationMs": 1.7,
        "outcome": "ok",
        "response": {
          "ok": true,
          "mode": "relative",
          "applied": {
            "mode": "relative",
            "servo4": 5
          },
          "servos": {
            "servo1": 106,
            "servo2": 96,
            "servo3": 100,
            "servo4": 97
          },
          "changed": {
            "servo4": 97
          }
        }
      },
      {
        "tMs": 44.38,
        "kind": "step",
        "sceneName": "farewell",
        "sceneTitle": "挥手送别",
        "stepIndex": 15,
        "stepTotal": 24,
        "stepType": "delay",
        "stepLabel": "delay:180ms"
      },
      {
        "tMs": 44.38,
        "kind": "log",
        "text": "[delay] 180ms"
      },
      {
        "tMs": 44.38,
        "kind": "log",
        "text": "[trace-skip-delay] 180ms"
      },
      {
        "tMs": 44.38,
        "kind": "step",
        "sceneName": "farewell",
        "sceneTitle": "挥手送别",
        "stepIndex": 16,
        "stepTotal": 24,
        "stepType": "control",
        "stepLabel": "control:servo4"
      },
      {
        "tMs": 44.39,
        "kind": "log",
        "text": "[control] {\"mode\": \"relative\", \"servo4\": -10}"
      },
      {
        "tMs": 45.96,
        "kind": "request",
        "method": "POST",
        "path": "/control",
        "payload": {
          "mode": "relative",
          "servo4": -10
        },
        "durationMs": 1.56,
        "outcome": "ok",
        "response": {
          "ok": true,
          "mode": "relative",
          "applied": {
            "mode": "relative",
            "servo4": -10
          },
          "servos": {
            "servo1": 106,
            "servo2": 96,
            "servo3": 100,
            "servo4": 87
          },
          "changed": {
            "servo4": 87
          }
        }
      },
      {
        "tMs": 45.97,
        "kind": "step",
        "sceneName": "farewell",
        "sceneTitle": "挥手送别",
        "stepIndex": 17,
        "stepTotal": 24,
        "stepType": "delay",
        "stepLabel": "delay:180ms"
      },
      {
        "tMs": 45.98,
        "kind": "log",
        "text": "[delay] 180ms"
      },
      {
        "tMs": 45.98,
        "kind": "log",
        "text": "[trace-skip-delay] 180ms"
      },
      {
        "tMs": 45.99,
        "kind": "step",
        "sceneName": "farewell",
        "sceneTitle": "挥手送别",
        "stepIndex": 18,
        "stepTotal": 24,
        "stepType": "control",
        "stepLabel": "control:servo4"
      },
      {
        "tMs": 46.01,
        "kind": "log",
        "text": "[control] {\"mode\": \"relative\", \"servo4\": 5}"
      },
      {
        "tMs": 47.51,
        "kind": "request",
        "method": "POST",
        "path": "/control",
        "payload": {
          "mode": "relative",
          "servo4": 5
        },
        "durationMs": 1.48,
        "outcome": "ok",
        "response": {
          "ok": true,
          "mode": "relative",
          "applied": {
            "mode": "relative",
            "servo4": 5
          },
          "servos": {
            "servo1": 106,
            "servo2": 96,
            "servo3": 100,
            "servo4": 92
          },
          "changed": {
            "servo4": 92
          }
        }
      },
      {
        "tMs": 47.52,
        "kind": "step",
        "sceneName": "farewell",
        "sceneTitle": "挥手送别",
        "stepIndex": 19,
        "stepTotal": 24,
        "stepType": "delay",
        "stepLabel": "delay:220ms"
      },
      {
        "tMs": 47.52,
        "kind": "log",
        "text": "[delay] 220ms"
      },
      {
        "tMs": 47.52,
        "kind": "log",
        "text": "[trace-skip-delay] 220ms"
      },
      {
        "tMs": 47.52,
        "kind": "step",
        "sceneName": "farewell",
        "sceneTitle": "挥手送别",
        "stepIndex": 20,
        "stepTotal": 24,
        "stepType": "comment",
        "stepLabel": "最后微微低头，像有点舍不得。"
      },
      {
        "tMs": 47.53,
        "kind": "log",
        "text": "[comment] 最后微微低头，像有点舍不得。"
      },
      {
        "tMs": 47.53,
        "kind": "step",
        "sceneName": "farewell",
        "sceneTitle": "挥手送别",
        "stepIndex": 21,
        "stepTotal": 24,
        "stepType": "control",
        "stepLabel": "control:servo1,servo2,servo3,servo4"
      },
      {
        "tMs": 47.55,
        "kind": "log",
        "text": "[control] {\"mode\": \"absolute\", \"servo1\": 102, \"servo2\": 92, \"servo3\": 96, \"servo4\": 100}"
      },
      {
        "tMs": 49.22,
        "kind": "request",
        "method": "POST",
        "path": "/control",
        "payload": {
          "mode": "absolute",
          "servo1": 102,
          "servo2": 92,
          "servo3": 96,
          "servo4": 100
        },
        "durationMs": 1.65,
        "outcome": "ok",
        "response": {
          "ok": true,
          "mode": "absolute",
          "applied": {
            "mode": "absolute",
            "servo1": 102,
            "servo2": 92,
            "servo3": 96,
            "servo4": 100
          },
          "servos": {
            "servo1": 102,
            "servo2": 92,
            "servo3": 96,
            "servo4": 100
          },
          "changed": {
            "servo1": 102,
            "servo2": 92,
            "servo3": 96,
            "servo4": 100
          }
        }
      },
      {
        "tMs": 49.23,
        "kind": "step",
        "sceneName": "farewell",
        "sceneTitle": "挥手送别",
        "stepIndex": 22,
        "stepTotal": 24,
        "stepType": "delay",
        "stepLabel": "delay:180ms"
      },
      {
        "tMs": 49.23,
        "kind": "log",
        "text": "[delay] 180ms"
      },
      {
        "tMs": 49.23,
        "kind": "log",
        "text": "[trace-skip-delay] 180ms"
      },
      {
        "tMs": 49.23,
        "kind": "step",
        "sceneName": "farewell",
        "sceneTitle": "挥手送别",
        "stepIndex": 23,
        "stepTotal": 24,
        "stepType": "pose",
        "stepLabel": "pose:neutral"
      },
      {
        "tMs": 49.25,
        "kind": "log",
        "text": "[pose] neutral -> {\"mode\": \"absolute\", \"servo1\": 90, \"servo2\": 96, \"servo3\": 98, \"servo4\": 90}"
      },
      {
        "tMs": 50.24,
        "kind": "request",
        "method": "POST",
        "path": "/control",
        "payload": {
          "mode": "absolute",
          "servo1": 90,
          "servo2": 96,
          "servo3": 98,
          "servo4": 90
        },
        "durationMs": 0.99,
        "outcome": "ok",
        "response": {
          "ok": true,
          "mode": "absolute",
          "applied": {
            "mode": "absolute",
            "servo1": 90,
            "servo2": 96,
            "servo3": 98,
            "servo4": 90
          },
          "servos": {
            "servo1": 90,
            "servo2": 96,
            "servo3": 98,
            "servo4": 90
          },
          "changed": {
            "servo1": 90,
            "servo2": 96,
            "servo3": 98,
            "servo4": 90
          }
        }
      },
      {
        "tMs": 50.24,
        "kind": "step",
        "sceneName": "farewell",
        "sceneTitle": "挥手送别",
        "stepIndex": 24,
        "stepTotal": 24,
        "stepType": "led",
        "stepLabel": "led:solid"
      },
      {
        "tMs": 50.27,
        "kind": "log",
        "text": "[led] {\"mode\": \"solid\", \"brightness\": 90, \"color\": {\"r\": 255, \"g\": 210, \"b\": 170}}"
      },
      {
        "tMs": 51.77,
        "kind": "request",
        "method": "POST",
        "path": "/led",
        "payload": {
          "mode": "solid",
          "brightness": 90,
          "color": {
            "r": 255,
            "g": 210,
            "b": 170
          }
        },
        "durationMs": 1.5,
        "outcome": "ok",
        "response": {
          "ok": true,
          "applied": {
            "mode": "solid",
            "brightness": 90,
            "color": {
              "r": 255,
              "g": 210,
              "b": 170
            }
          },
          "led": {
            "mode": "solid",
            "brightness": 90,
            "color": {
              "r": 255,
              "g": 210,
              "b": 170
            }
          }
        }
      },
      {
        "tMs": 51.78,
        "kind": "log",
        "text": "[scene-done] farewell"
      },
      {
        "tMs": 51.79,
        "kind": "scene-finished",
        "scene": "farewell",
        "error": null
      }
    ],
    "logs": [
      {
        "tMs": 0.05,
        "text": "=== Scene: farewell / 挥手送别 ==="
      },
      {
        "tMs": 0.05,
        "text": "[host] 当你离开时，它会目送你，还会轻轻摆摆头像在说再见。"
      },
      {
        "tMs": 0.05,
        "text": "[note] TODO: 离场方向识别接入后，把 farewell_look 改成按离场方位实时生成。"
      },
      {
        "tMs": 0.05,
        "text": "[note] 当前版本按 PDF2 为主、参考 PDF3 的手绘页，做成：目送 -> 两次慢慢点头式挥手 -> 舍不得地低头。"
      },
      {
        "tMs": 0.05,
        "text": "[tuning] 先看过去，再挥手，再低头，这三个阶段不要压成一团。"
      },
      {
        "tMs": 0.05,
        "text": "[tuning] 挥手动作宁可慢一点，也不要做成机械抽搐。"
      },
      {
        "tMs": 0.07,
        "text": "[pose] neutral -> {\"mode\": \"absolute\", \"servo1\": 90, \"servo2\": 96, \"servo3\": 98, \"servo4\": 90}"
      },
      {
        "tMs": 24.59,
        "text": "[led] {\"mode\": \"solid\", \"brightness\": 108, \"color\": {\"r\": 255, \"g\": 214, \"b\": 176}}"
      },
      {
        "tMs": 30.05,
        "text": "[comment] 先目送评委离开的方向。"
      },
      {
        "tMs": 30.07,
        "text": "[control] {\"mode\": \"absolute\", \"servo1\": 106, \"servo2\": 96, \"servo3\": 100, \"servo4\": 92}"
      },
      {
        "tMs": 31.33,
        "text": "[delay] 420ms"
      },
      {
        "tMs": 31.33,
        "text": "[trace-skip-delay] 420ms"
      },
      {
        "tMs": 31.36,
        "text": "[skip-audio] payload={\"type\": \"audio\", \"voice\": \"tts\", \"allowMissing\": true, \"text\": \"谢谢你来看我，下次见。\", \"wait\": true}"
      },
      {
        "tMs": 31.37,
        "text": "[comment] 再做两次慢慢点头，像挥手说再见。"
      },
      {
        "tMs": 31.52,
        "text": "[control] {\"mode\": \"relative\", \"servo4\": 5}"
      },
      {
        "tMs": 33.88,
        "text": "[delay] 180ms"
      },
      {
        "tMs": 33.88,
        "text": "[trace-skip-delay] 180ms"
      },
      {
        "tMs": 33.89,
        "text": "[control] {\"mode\": \"relative\", \"servo4\": -10}"
      },
      {
        "tMs": 40.88,
        "text": "[delay] 180ms"
      },
      {
        "tMs": 40.88,
        "text": "[trace-skip-delay] 180ms"
      },
      {
        "tMs": 40.89,
        "text": "[control] {\"mode\": \"relative\", \"servo4\": 5}"
      },
      {
        "tMs": 42.64,
        "text": "[delay] 220ms"
      },
      {
        "tMs": 42.64,
        "text": "[trace-skip-delay] 220ms"
      },
      {
        "tMs": 42.66,
        "text": "[control] {\"mode\": \"relative\", \"servo4\": 5}"
      },
      {
        "tMs": 44.38,
        "text": "[delay] 180ms"
      },
      {
        "tMs": 44.38,
        "text": "[trace-skip-delay] 180ms"
      },
      {
        "tMs": 44.39,
        "text": "[control] {\"mode\": \"relative\", \"servo4\": -10}"
      },
      {
        "tMs": 45.98,
        "text": "[delay] 180ms"
      },
      {
        "tMs": 45.98,
        "text": "[trace-skip-delay] 180ms"
      },
      {
        "tMs": 46.01,
        "text": "[control] {\"mode\": \"relative\", \"servo4\": 5}"
      },
      {
        "tMs": 47.52,
        "text": "[delay] 220ms"
      },
      {
        "tMs": 47.52,
        "text": "[trace-skip-delay] 220ms"
      },
      {
        "tMs": 47.53,
        "text": "[comment] 最后微微低头，像有点舍不得。"
      },
      {
        "tMs": 47.55,
        "text": "[control] {\"mode\": \"absolute\", \"servo1\": 102, \"servo2\": 92, \"servo3\": 96, \"servo4\": 100}"
      },
      {
        "tMs": 49.23,
        "text": "[delay] 180ms"
      },
      {
        "tMs": 49.23,
        "text": "[trace-skip-delay] 180ms"
      },
      {
        "tMs": 49.25,
        "text": "[pose] neutral -> {\"mode\": \"absolute\", \"servo1\": 90, \"servo2\": 96, \"servo3\": 98, \"servo4\": 90}"
      },
      {
        "tMs": 50.27,
        "text": "[led] {\"mode\": \"solid\", \"brightness\": 90, \"color\": {\"r\": 255, \"g\": 210, \"b\": 170}}"
      },
      {
        "tMs": 51.78,
        "text": "[scene-done] farewell"
      }
    ]
  }
}
